<?xml version="1.0" encoding="UTF-8"?>
<!-- Generated by org.testng.reporters.JUnitXMLReporter -->
<testsuite hostname="user-PC" ignored="0" name="GTPLBank" tests="3" failures="1" timestamp="18 Jan 2020 12:00:09 GMT" time="58.012" errors="0">
  <testcase name="getTitlePageTest" time="0.192" classname="com.qa.testcases.LoginPageTest"/>
  <testcase name="getDemoSiteTextTest" time="3.415" classname="com.qa.testcases.LoginPageTest"/>
  <testcase name="loginMethodTest" time="0.0" classname="com.qa.testcases.LoginPageTest">
    <failure type="org.testng.TestNGException" message="
Cannot inject @Test annotated Method [loginMethodTest] with [class java.lang.String, class java.lang.String].
For more information on native dependency injection please refer to http://testng.org/doc/documentation-main.html#native-dependency-injection">
      <![CDATA[org.testng.TestNGException: 
Cannot inject @Test annotated Method [loginMethodTest] with [class java.lang.String, class java.lang.String].
For more information on native dependency injection please refer to http://testng.org/doc/documentation-main.html#native-dependency-injection
... Removed 24 stack frames]]>
    </failure>
  </testcase> <!-- loginMethodTest -->
</testsuite> <!-- GTPLBank -->
