<?xml version="1.0" encoding="UTF-8"?>
<testng-results skipped="0" failed="0" ignored="0" total="1" passed="1">
  <reporter-output>
  </reporter-output>
  <suite name="Default suite" duration-ms="24287" started-at="2020-01-23T12:53:54Z" finished-at="2020-01-23T12:54:19Z">
    <groups>
    </groups>
    <test name="Default test" duration-ms="24287" started-at="2020-01-23T12:53:54Z" finished-at="2020-01-23T12:54:19Z">
      <class name="com.qa.testcases.LoginPageTest">
        <test-method status="PASS" signature="setUp()[pri:0, instance:com.qa.testcases.LoginPageTest@64bfbc86]" name="setUp" is-config="true" duration-ms="24019" started-at="2020-01-23T18:23:54Z" finished-at="2020-01-23T18:24:18Z">
          <reporter-output>
          </reporter-output>
        </test-method> <!-- setUp -->
        <test-method status="PASS" signature="getTitlePageTest()[pri:1, instance:com.qa.testcases.LoginPageTest@64bfbc86]" name="getTitlePageTest" duration-ms="124" started-at="2020-01-23T18:24:18Z" finished-at="2020-01-23T18:24:19Z">
          <reporter-output>
          </reporter-output>
        </test-method> <!-- getTitlePageTest -->
        <test-method status="PASS" signature="tearDown()[pri:0, instance:com.qa.testcases.LoginPageTest@64bfbc86]" name="tearDown" is-config="true" duration-ms="91" started-at="2020-01-23T18:24:19Z" finished-at="2020-01-23T18:24:19Z">
          <reporter-output>
          </reporter-output>
        </test-method> <!-- tearDown -->
      </class> <!-- com.qa.testcases.LoginPageTest -->
    </test> <!-- Default test -->
  </suite> <!-- Default suite -->
</testng-results>
